<?xml version="1.0" encoding="UTF-8"?>
<testng-results ignored="0" total="3" passed="3" failed="0" skipped="0">
  <reporter-output>
    <line>
      <![CDATA[Test started: 
]]>
    </line>
    <line>
      <![CDATA[ <a href='C:\Users\Abd Elrahman\eclipse-workspace\AutomationTask\screenshots\testcaseoneTue-Mar-19-23-35-48-EET-2024.png'> <img src='C:\Users\Abd Elrahman\eclipse-workspace\AutomationTask\screenshots\testcaseoneTue-Mar-19-23-35-48-EET-2024.png' height='200' width='200'/> </a>  ]]>
    </line>
    <line>
      <![CDATA[
 searchResultsPage2: 10 searchResultsPage3: 10]]>
    </line>
    <line>
      <![CDATA[Test Successed]]>
    </line>
    <line>
      <![CDATA[ <a href='C:\Users\Abd Elrahman\eclipse-workspace\AutomationTask\screenshots\testcaseoneTue-Mar-19-23-35-52-EET-2024.png'> <img src='C:\Users\Abd Elrahman\eclipse-workspace\AutomationTask\screenshots\testcaseoneTue-Mar-19-23-35-52-EET-2024.png' height='200' width='200'/> </a>  ]]>
    </line>
    <line>
      <![CDATA[==============================================================================================]]>
    </line>
    <line>
      <![CDATA[Total Passed: 1(+1), Failures: 0(+0), Skips: 0(+0)]]>
    </line>
    <line>
      <![CDATA[==============================================================================================]]>
    </line>
    <line>
      <![CDATA[Test started: 
]]>
    </line>
    <line>
      <![CDATA[ <a href='C:\Users\Abd Elrahman\eclipse-workspace\AutomationTask\screenshots\testcaseoneTue-Mar-19-23-35-56-EET-2024.png'> <img src='C:\Users\Abd Elrahman\eclipse-workspace\AutomationTask\screenshots\testcaseoneTue-Mar-19-23-35-56-EET-2024.png' height='200' width='200'/> </a>  ]]>
    </line>
    <line>
      <![CDATA[
 searchResultsPage2: 10 searchResultsPage3: 10]]>
    </line>
    <line>
      <![CDATA[Test Successed]]>
    </line>
    <line>
      <![CDATA[ <a href='C:\Users\Abd Elrahman\eclipse-workspace\AutomationTask\screenshots\testcaseoneTue-Mar-19-23-35-59-EET-2024.png'> <img src='C:\Users\Abd Elrahman\eclipse-workspace\AutomationTask\screenshots\testcaseoneTue-Mar-19-23-35-59-EET-2024.png' height='200' width='200'/> </a>  ]]>
    </line>
    <line>
      <![CDATA[==============================================================================================]]>
    </line>
    <line>
      <![CDATA[Total Passed: 2(+1), Failures: 0(+0), Skips: 0(+0)]]>
    </line>
    <line>
      <![CDATA[==============================================================================================]]>
    </line>
    <line>
      <![CDATA[Test started: 
]]>
    </line>
    <line>
      <![CDATA[ <a href='C:\Users\Abd Elrahman\eclipse-workspace\AutomationTask\screenshots\testcaseoneTue-Mar-19-23-36-04-EET-2024.png'> <img src='C:\Users\Abd Elrahman\eclipse-workspace\AutomationTask\screenshots\testcaseoneTue-Mar-19-23-36-04-EET-2024.png' height='200' width='200'/> </a>  ]]>
    </line>
    <line>
      <![CDATA[
 searchResultsPage2: 9 searchResultsPage3: 9]]>
    </line>
    <line>
      <![CDATA[Test Successed]]>
    </line>
    <line>
      <![CDATA[ <a href='C:\Users\Abd Elrahman\eclipse-workspace\AutomationTask\screenshots\testcaseoneTue-Mar-19-23-36-05-EET-2024.png'> <img src='C:\Users\Abd Elrahman\eclipse-workspace\AutomationTask\screenshots\testcaseoneTue-Mar-19-23-36-05-EET-2024.png' height='200' width='200'/> </a>  ]]>
    </line>
  </reporter-output>
  <suite started-at="2024-03-19T23:35:44 EET" name="Suite" finished-at="2024-03-19T23:36:07 EET" duration-ms="23382">
    <groups>
    </groups>
    <test started-at="2024-03-19T23:35:44 EET" name="ChromeTest" finished-at="2024-03-19T23:35:52 EET" duration-ms="8507">
      <class name="testCases.test">
        <test-method is-config="true" signature="setup(java.lang.String)[pri:0, instance:testCases.test@15d49048]" started-at="2024-03-19T23:35:44 EET" name="setup" finished-at="2024-03-19T23:35:47 EET" duration-ms="3463" status="PASS">
          <params>
            <param index="0">
              <value>
                <![CDATA[chrome]]>
              </value>
            </param>
          </params>
          <reporter-output>
          </reporter-output>
        </test-method> <!-- setup -->
        <test-method signature="testcaseone(java.lang.String)[pri:0, instance:testCases.test@15d49048]" started-at="2024-03-19T23:35:47 EET" name="testcaseone" data-provider="data-provider" finished-at="2024-03-19T23:35:52 EET" duration-ms="4726" status="PASS">
          <params>
            <param index="0">
              <value>
                <![CDATA[Vodafone]]>
              </value>
            </param>
          </params>
          <reporter-output>
            <line>
              <![CDATA[Test started: 
]]>
            </line>
            <line>
              <![CDATA[ <a href='C:\Users\Abd Elrahman\eclipse-workspace\AutomationTask\screenshots\testcaseoneTue-Mar-19-23-35-48-EET-2024.png'> <img src='C:\Users\Abd Elrahman\eclipse-workspace\AutomationTask\screenshots\testcaseoneTue-Mar-19-23-35-48-EET-2024.png' height='200' width='200'/> </a>  ]]>
            </line>
            <line>
              <![CDATA[
 searchResultsPage2: 10 searchResultsPage3: 10]]>
            </line>
            <line>
              <![CDATA[Test Successed]]>
            </line>
            <line>
              <![CDATA[ <a href='C:\Users\Abd Elrahman\eclipse-workspace\AutomationTask\screenshots\testcaseoneTue-Mar-19-23-35-52-EET-2024.png'> <img src='C:\Users\Abd Elrahman\eclipse-workspace\AutomationTask\screenshots\testcaseoneTue-Mar-19-23-35-52-EET-2024.png' height='200' width='200'/> </a>  ]]>
            </line>
          </reporter-output>
        </test-method> <!-- testcaseone -->
        <test-method is-config="true" signature="Terminate()[pri:0, instance:testCases.test@15d49048]" started-at="2024-03-19T23:35:52 EET" name="Terminate" finished-at="2024-03-19T23:35:52 EET" duration-ms="153" status="PASS">
          <reporter-output>
          </reporter-output>
        </test-method> <!-- Terminate -->
      </class> <!-- testCases.test -->
    </test> <!-- ChromeTest -->
    <test started-at="2024-03-19T23:35:52 EET" name="EdgeTest" finished-at="2024-03-19T23:36:00 EET" duration-ms="7389">
      <class name="testCases.test">
        <test-method is-config="true" signature="setup(java.lang.String)[pri:0, instance:testCases.test@478db956]" started-at="2024-03-19T23:35:52 EET" name="setup" finished-at="2024-03-19T23:35:56 EET" duration-ms="3787" status="PASS">
          <params>
            <param index="0">
              <value>
                <![CDATA[edge]]>
              </value>
            </param>
          </params>
          <reporter-output>
          </reporter-output>
        </test-method> <!-- setup -->
        <test-method signature="testcaseone(java.lang.String)[pri:0, instance:testCases.test@478db956]" started-at="2024-03-19T23:35:56 EET" name="testcaseone" data-provider="data-provider" finished-at="2024-03-19T23:35:59 EET" duration-ms="3139" status="PASS">
          <params>
            <param index="0">
              <value>
                <![CDATA[Vodafone]]>
              </value>
            </param>
          </params>
          <reporter-output>
            <line>
              <![CDATA[Test started: 
]]>
            </line>
            <line>
              <![CDATA[ <a href='C:\Users\Abd Elrahman\eclipse-workspace\AutomationTask\screenshots\testcaseoneTue-Mar-19-23-35-56-EET-2024.png'> <img src='C:\Users\Abd Elrahman\eclipse-workspace\AutomationTask\screenshots\testcaseoneTue-Mar-19-23-35-56-EET-2024.png' height='200' width='200'/> </a>  ]]>
            </line>
            <line>
              <![CDATA[
 searchResultsPage2: 10 searchResultsPage3: 10]]>
            </line>
            <line>
              <![CDATA[Test Successed]]>
            </line>
            <line>
              <![CDATA[ <a href='C:\Users\Abd Elrahman\eclipse-workspace\AutomationTask\screenshots\testcaseoneTue-Mar-19-23-35-59-EET-2024.png'> <img src='C:\Users\Abd Elrahman\eclipse-workspace\AutomationTask\screenshots\testcaseoneTue-Mar-19-23-35-59-EET-2024.png' height='200' width='200'/> </a>  ]]>
            </line>
          </reporter-output>
        </test-method> <!-- testcaseone -->
        <test-method is-config="true" signature="Terminate()[pri:0, instance:testCases.test@478db956]" started-at="2024-03-19T23:35:59 EET" name="Terminate" finished-at="2024-03-19T23:36:00 EET" duration-ms="280" status="PASS">
          <reporter-output>
          </reporter-output>
        </test-method> <!-- Terminate -->
      </class> <!-- testCases.test -->
    </test> <!-- EdgeTest -->
    <test started-at="2024-03-19T23:36:00 EET" name="FirefoxTest" finished-at="2024-03-19T23:36:07 EET" duration-ms="7427">
      <class name="testCases.test">
        <test-method is-config="true" signature="setup(java.lang.String)[pri:0, instance:testCases.test@1b410b60]" started-at="2024-03-19T23:36:00 EET" name="setup" finished-at="2024-03-19T23:36:04 EET" duration-ms="4158" status="PASS">
          <params>
            <param index="0">
              <value>
                <![CDATA[firefox]]>
              </value>
            </param>
          </params>
          <reporter-output>
          </reporter-output>
        </test-method> <!-- setup -->
        <test-method signature="testcaseone(java.lang.String)[pri:0, instance:testCases.test@1b410b60]" started-at="2024-03-19T23:36:04 EET" name="testcaseone" data-provider="data-provider" finished-at="2024-03-19T23:36:05 EET" duration-ms="1559" status="PASS">
          <params>
            <param index="0">
              <value>
                <![CDATA[Vodafone]]>
              </value>
            </param>
          </params>
          <reporter-output>
            <line>
              <![CDATA[Test started: 
]]>
            </line>
            <line>
              <![CDATA[ <a href='C:\Users\Abd Elrahman\eclipse-workspace\AutomationTask\screenshots\testcaseoneTue-Mar-19-23-36-04-EET-2024.png'> <img src='C:\Users\Abd Elrahman\eclipse-workspace\AutomationTask\screenshots\testcaseoneTue-Mar-19-23-36-04-EET-2024.png' height='200' width='200'/> </a>  ]]>
            </line>
            <line>
              <![CDATA[
 searchResultsPage2: 9 searchResultsPage3: 9]]>
            </line>
            <line>
              <![CDATA[Test Successed]]>
            </line>
            <line>
              <![CDATA[ <a href='C:\Users\Abd Elrahman\eclipse-workspace\AutomationTask\screenshots\testcaseoneTue-Mar-19-23-36-05-EET-2024.png'> <img src='C:\Users\Abd Elrahman\eclipse-workspace\AutomationTask\screenshots\testcaseoneTue-Mar-19-23-36-05-EET-2024.png' height='200' width='200'/> </a>  ]]>
            </line>
          </reporter-output>
        </test-method> <!-- testcaseone -->
        <test-method is-config="true" signature="Terminate()[pri:0, instance:testCases.test@1b410b60]" started-at="2024-03-19T23:36:05 EET" name="Terminate" finished-at="2024-03-19T23:36:07 EET" duration-ms="1650" status="PASS">
          <reporter-output>
          </reporter-output>
        </test-method> <!-- Terminate -->
      </class> <!-- testCases.test -->
    </test> <!-- FirefoxTest -->
  </suite> <!-- Suite -->
</testng-results>
